app/build/intermediates/manifest_merge_blame_file/debug/manifest-merger-blame-debug-report.txt
1<?xml version="1.0" encoding="utf-8"?>
2<manifest xmlns:android="http://schemas.android.com/apk/res/android"
3    package="com.raj.myapplication"
4    android:versionCode="1"
5    android:versionName="1.0" >
6
7    <uses-sdk
8        android:minSdkVersion="17"
8-->src/main/AndroidManifest.xml
9        android:targetSdkVersion="29" />
9-->src/main/AndroidManifest.xml
10
11    <uses-permission android:name="android.permission.CAMERA" />
11-->src/main/AndroidManifest.xml:6:5-65
11-->src/main/AndroidManifest.xml:6:22-62
12    <uses-permission android:name="android.permission.WRITE_EXTERNAL_STORAGE" />
12-->src/main/AndroidManifest.xml:7:5-81
12-->src/main/AndroidManifest.xml:7:22-78
13    <uses-permission android:name="android.permission.RECORD_AUDIO" />
13-->src/main/AndroidManifest.xml:8:5-71
13-->src/main/AndroidManifest.xml:8:22-68
14
15    <uses-feature android:name="android.hardware.camera" />
15-->src/main/AndroidManifest.xml:10:5-60
15-->src/main/AndroidManifest.xml:10:19-57
16
17    <uses-permission android:name="android.permission.WRITE_EXTERNAL_STORAGE" />
17-->src/main/AndroidManifest.xml:7:5-81
17-->src/main/AndroidManifest.xml:7:22-78
18
19    <application
19-->src/main/AndroidManifest.xml:14:5-31:19
20        android:allowBackup="true"
20-->src/main/AndroidManifest.xml:15:9-35
21        android:appComponentFactory="androidx.core.app.CoreComponentFactory"
21-->[androidx.core:core:1.1.0] AndroidManifest.xml:24:18-86
22        android:debuggable="true"
23        android:icon="@mipmap/ic_launcher"
23-->src/main/AndroidManifest.xml:16:9-43
24        android:label="@string/app_name"
24-->src/main/AndroidManifest.xml:17:9-41
25        android:roundIcon="@mipmap/ic_launcher_round"
25-->src/main/AndroidManifest.xml:18:9-54
26        android:supportsRtl="true"
26-->src/main/AndroidManifest.xml:19:9-35
27        android:testOnly="true"
28        android:theme="@style/AppTheme" >
28-->src/main/AndroidManifest.xml:20:9-40
29        <activity
29-->src/main/AndroidManifest.xml:21:9-27:20
30            android:name="com.raj.myapplication.HomeActivity"
30-->src/main/AndroidManifest.xml:21:19-47
31            android:noHistory="true" >
31-->src/main/AndroidManifest.xml:21:48-72
32            <intent-filter>
32-->src/main/AndroidManifest.xml:22:13-26:29
33                <action android:name="android.intent.action.MAIN" />
33-->src/main/AndroidManifest.xml:23:17-69
33-->src/main/AndroidManifest.xml:23:25-66
34
35                <category android:name="android.intent.category.LAUNCHER" />
35-->src/main/AndroidManifest.xml:25:17-77
35-->src/main/AndroidManifest.xml:25:27-74
36            </intent-filter>
37        </activity>
38        <activity android:name="com.raj.myapplication.videoPlayActivity" />
38-->src/main/AndroidManifest.xml:28:9-55
38-->src/main/AndroidManifest.xml:28:19-52
39        <activity android:name="com.raj.myapplication.MainActivity" >
39-->src/main/AndroidManifest.xml:29:9-30:20
39-->src/main/AndroidManifest.xml:29:19-47
40        </activity>
41        <activity
41-->[gun0912.ted:tedpermission:2.2.3] AndroidManifest.xml:10:9-14:67
42            android:name="com.gun0912.tedpermission.TedPermissionActivity"
42-->[gun0912.ted:tedpermission:2.2.3] AndroidManifest.xml:11:13-75
43            android:configChanges="mcc|mnc|locale|keyboard|keyboardHidden|screenLayout|fontScale|uiMode|orientation|screenSize|layoutDirection"
43-->[gun0912.ted:tedpermission:2.2.3] AndroidManifest.xml:12:13-144
44            android:screenOrientation="unspecified"
44-->[gun0912.ted:tedpermission:2.2.3] AndroidManifest.xml:13:13-52
45            android:theme="@style/Theme.Transparent.Permission" />
45-->[gun0912.ted:tedpermission:2.2.3] AndroidManifest.xml:14:13-64
46    </application>
47
48</manifest>